0 info it worked if it ends with ok
1 verbose cli [ '/home/antanas/.nvm/versions/node/v6.1.0/bin/node',
1 verbose cli   '/home/antanas/.nvm/versions/node/v6.1.0/bin/npm',
1 verbose cli   'start' ]
2 info using npm@3.8.9
3 info using node@v6.1.0
4 verbose run-script [ 'prestart', 'start', 'poststart' ]
5 info lifecycle reveal.js@3.3.0~prestart: reveal.js@3.3.0
6 silly lifecycle reveal.js@3.3.0~prestart: no script for prestart, continuing
7 info lifecycle reveal.js@3.3.0~start: reveal.js@3.3.0
8 verbose lifecycle reveal.js@3.3.0~start: unsafe-perm in lifecycle true
9 verbose lifecycle reveal.js@3.3.0~start: PATH: /home/antanas/.nvm/versions/node/v6.1.0/lib/node_modules/npm/bin/node-gyp-bin:/home/antanas/code/it-akademija/react-slides/node_modules/.bin:/home/antanas/.nvm/versions/node/v6.1.0/bin:/home/antanas/.sdkman/candidates/springboot/current/bin:/home/antanas/.nvm/versions/node/v6.1.0/bin:/usr/local/heroku/bin:/opt/activator/bin:/opt/maven/bin:/home/antanas/.jenv/bin:/usr/local/sbin:/usr/local/bin:/usr/sbin:/usr/bin:/sbin:/bin:/usr/games:/usr/local/games:/opt/jdk/bin:/home/antanas/soft/scala-2.11.7/bin:/opt/gradle/bin:/opt/go/bin
10 verbose lifecycle reveal.js@3.3.0~start: CWD: /home/antanas/code/it-akademija/react-slides
11 silly lifecycle reveal.js@3.3.0~start: Args: [ '-c', 'grunt serve' ]
12 silly lifecycle reveal.js@3.3.0~start: Returned: code: 1  signal: null
13 info lifecycle reveal.js@3.3.0~start: Failed to exec start script
14 verbose stack Error: reveal.js@3.3.0 start: `grunt serve`
14 verbose stack Exit status 1
14 verbose stack     at EventEmitter.<anonymous> (/home/antanas/.nvm/versions/node/v6.1.0/lib/node_modules/npm/lib/utils/lifecycle.js:245:16)
14 verbose stack     at emitTwo (events.js:106:13)
14 verbose stack     at EventEmitter.emit (events.js:191:7)
14 verbose stack     at ChildProcess.<anonymous> (/home/antanas/.nvm/versions/node/v6.1.0/lib/node_modules/npm/lib/utils/spawn.js:24:14)
14 verbose stack     at emitTwo (events.js:106:13)
14 verbose stack     at ChildProcess.emit (events.js:191:7)
14 verbose stack     at maybeClose (internal/child_process.js:850:16)
14 verbose stack     at Process.ChildProcess._handle.onexit (internal/child_process.js:215:5)
15 verbose pkgid reveal.js@3.3.0
16 verbose cwd /home/antanas/code/it-akademija/react-slides
17 error Linux 4.4.0-45-generic
18 error argv "/home/antanas/.nvm/versions/node/v6.1.0/bin/node" "/home/antanas/.nvm/versions/node/v6.1.0/bin/npm" "start"
19 error node v6.1.0
20 error npm  v3.8.9
21 error code ELIFECYCLE
22 error reveal.js@3.3.0 start: `grunt serve`
22 error Exit status 1
23 error Failed at the reveal.js@3.3.0 start script 'grunt serve'.
23 error Make sure you have the latest version of node.js and npm installed.
23 error If you do, this is most likely a problem with the reveal.js package,
23 error not with npm itself.
23 error Tell the author that this fails on your system:
23 error     grunt serve
23 error You can get information on how to open an issue for this project with:
23 error     npm bugs reveal.js
23 error Or if that isn't available, you can get their info via:
23 error     npm owner ls reveal.js
23 error There is likely additional logging output above.
24 verbose exit [ 1, true ]
